PS C:\Users\mchampion\source\repos\KoaDev\WaC\DSCv2\Modules> Get-DscConfigurationState -YamlFilePath "C:\Users\mchampion\source\repos\KoaDev\WaC\DSCv2\ressources.yaml"

Type                   Identifier                                                                                                State
----                   ----------                                                                                                -----
Registry               ValueName: HideFileExt…                                                                                   {[Ensure, Present], [ValueData, 0], [ValueType, DWord]}
Registry               ValueName: DisableLoopbackCheck…                                                                          {[Ensure, Present], [ValueData, 1], [ValueType, DWord]}
WindowsOptionalFeature IIS-ApplicationDevelopment                                                                                {[Description, Installe les fonctionnalités de développement d'applications s…
WindowsOptionalFeature IIS-ASPNET                                                                                                {[Description, Permet à votre serveur Web d'héberger des applications ASP.NET…
WindowsOptionalFeature IIS-ASPNET45                                                                                              {[Description, Autoriser votre serveur web à héberger des applications ASP.NE…
WindowsOptionalFeature IIS-BasicAuthentication                                                                                   {[Description, Exige un nom d'utilisateur et un mot de passe Windows valides …
WindowsOptionalFeature IIS-CertProvider                                                                                          {[Description, Prise en charge centralisée des certificats SSL vous permet de…
WindowsOptionalFeature IIS-CommonHttpFeatures                                                                                    {[Description, Installe la prise en charge de contenu de serveur Web, comme d…
WindowsOptionalFeature IIS-DefaultDocument                                                                                       {[Description, Permet de spécifier un fichier par défaut à charger lorsque le…
WindowsOptionalFeature IIS-DirectoryBrowsing                                                                                     {[Description, Permet aux clients de consulter le contenu d'un répertoire de …
WindowsOptionalFeature IIS-HealthAndDiagnostics                                                                                  {[Description, Permet de surveiller et gérer l'état de santé des serveurs, si…
WindowsOptionalFeature IIS-HostableWebCore                                                                                       {[Description, Programmez votre application pour traiter les demandes HTTP en…
WindowsOptionalFeature IIS-HttpCompressionDynamic                                                                                {[Description, Compresser le contenu dynamique avant de le renvoyer au client…
WindowsOptionalFeature IIS-HttpCompressionStatic                                                                                 {[Description, Compresse le contenu statique avant de le renvoyer à un client…
WindowsOptionalFeature IIS-HttpErrors                                                                                            {[Description, Permet de personnaliser les messages d'erreur renvoyés aux cli…
WindowsOptionalFeature IIS-HttpLogging                                                                                           {[Description, Active la journalisation de l'activité des sites Web pour ce s…
WindowsOptionalFeature IIS-ISAPIExtensions                                                                                       {[Description, Permet aux extensions ISAPI de gérer les demandes des clients]…
WindowsOptionalFeature IIS-ISAPIFilter                                                                                           {[Description, Permet aux filtres ISAPI de modifier le comportement du serveu…
WindowsOptionalFeature IIS-ManagementConsole                                                                                     {[Description, Installe la console de gestion des serveurs Web qui prend en c…
WindowsOptionalFeature IIS-ManagementScriptingTools                                                                              {[Description, Gèrent un serveur Web local au moyen de scripts de configurati…
WindowsOptionalFeature IIS-NetFxExtensibility                                                                                    {[Description, Permet à votre serveur Web d'héberger des applications .NET Fr…
WindowsOptionalFeature IIS-NetFxExtensibility45                                                                                  {[Description, Autoriser votre serveur web à héberger des applications .NET F…
WindowsOptionalFeature IIS-Performance                                                                                           {[Description, Installe les fonctionnalités de performances], [CustomProperti…
WindowsOptionalFeature IIS-RequestFiltering                                                                                      {[Description, Configure des règles visant à bloquer des demandes de clients …
WindowsOptionalFeature IIS-Security                                                                                              {[Description, Active des fonctionnalités de sécurité supplémentaires afin de…
WindowsOptionalFeature IIS-StaticContent                                                                                         {[Description, Prend en charge les fichiers .htm, .html et image d'un site We…
WindowsOptionalFeature IIS-WebServer                                                                                             {[Description, Installe les services World Wide Web d'IIS 10.0. Ils fournisse…
WindowsOptionalFeature IIS-WebServerManagementTools                                                                              {[Description, Installe la console et les outils d'administration Web], [Cust…
WindowsOptionalFeature IIS-WebServerRole                                                                                         {[Description, Les Internet Information Services (IIS) fournissent une prise …
WindowsOptionalFeature IIS-WebSockets                                                                                            {[Description, IIS 10.0 et ASP.NET 4.8 prennent en charge l’écriture d’applic…
WindowsOptionalFeature IIS-WindowsAuthentication                                                                                 {[Description, Authentifie les clients au moyen du protocole NTLM ou Kerberos…
WindowsOptionalFeature NetFx3                                                                                                    {[Description, .NET Framework 3.5 (inclut .NET 2.0 et 3.0)], [CustomPropertie…
WindowsOptionalFeature NetFx4-AdvSrvs                                                                                            {[Description, .NET Framework 4.8 Advanced Services], [CustomProperties, Syst…
WindowsOptionalFeature NetFx4Extended-ASPNET45                                                                                   {[Description, ASP.NET 4.8], [CustomProperties, System.Object[]], [LogLevel, …
WindowsOptionalFeature WCF-Services45                                                                                            {[Description, Services WCF], [CustomProperties, System.Object[]], [LogLevel,…
MyScoop                MyScoop                                                                                                   {[Ensure, Present]}
MyScoopPackage         dotnet-sdk                                                                                                {[Ensure, Present], [State, Current], [LatestVersion, 9.0.303], [Version, 9.0…
MyScoopPackage         dotnet3-sdk                                                                                               {[Ensure, Present], [State, Current], [LatestVersion, 3.1.426], [Version, 3.1…
MyScoopPackage         dotnet5-sdk                                                                                               {[Ensure, Present], [State, Current], [LatestVersion, 5.0.408], [Version, 5.0…
MyScoopPackage         dotnet6-sdk                                                                                               {[Ensure, Present], [State, Current], [LatestVersion, 6.0.428], [Version, 6.0…
MyScoopPackage         temurin-lts-jdk                                                                                           {[Ensure, Present], [State, Current], [LatestVersion, 21.0.7-6.0.LTS], [Versi…
MyScoopPackage         gh                                                                                                        {[Ensure, Present], [State, Current], [LatestVersion, 2.76.0], [Version, 2.76…
MyScoopPackage         git                                                                                                       {[Ensure, Present], [State, Current], [LatestVersion, 2.50.1], [Version, 2.50…
MyScoopPackage         nvm                                                                                                       {[Ensure, Present], [State, Current], [LatestVersion, 1.1.11], [Version, 1.1.…
MyScoopPackage         oh-my-posh                                                                                                {[Ensure, Present], [State, Current], [LatestVersion, 26.17.0], [Version, 26.…
MyScoopPackage         terraform                                                                                                 {[Ensure, Present], [State, Current], [LatestVersion, 1.12.2], [Version, 1.12…
MyScoopPackage         CascadiaCode-NF-Mono                                                                                      {[Ensure, Absent], [State, NotInstalled], [LatestVersion, ], [Version, ]}
MyScoopPackage         FiraCode-NF                                                                                               {[Ensure, Present], [State, Current], [LatestVersion, 3.4.0], [Version, 3.4.0…
MyScoopPackage         baretail                                                                                                  {[Ensure, Absent], [State, NotInstalled], [LatestVersion, ], [Version, ]}
MyScoopPackage         mockoon                                                                                                   {[Ensure, Present], [State, Current], [LatestVersion, 9.3.0], [Version, 9.3.0…
MyScoopPackage         nuget-package-explorer                                                                                    {[Ensure, Present], [State, Current], [LatestVersion, 6.2.19], [Version, 6.2.…
MyScoopPackage         paint.net                                                                                                 {[Ensure, Present], [State, Current], [LatestVersion, 5.1.8], [Version, 5.1.8…
MyScoopPackage         postman                                                                                                   {[Ensure, Present], [State, Current], [LatestVersion, 11.54.0], [Version, 11.…
MyScoopPackage         vlc                                                                                                       {[Ensure, Present], [State, Current], [LatestVersion, 3.0.21], [Version, 3.0.…
MyScoopPackage         wiztree                                                                                                   {[Ensure, Present], [State, Current], [LatestVersion, 4.26], [Version, 4.26]}
MyChocolatey           MyChocolatey                                                                                              {[Ensure, Present]}
MyChocolateyPackage    7zip                                                                                                      {[Ensure, Present], [State, Current], [LatestVersion, 25.0.0], [Version, 25.0…
MyChocolateyPackage    adobereader                                                                                               {[Ensure, Present], [State, Current], [LatestVersion, 2025.1.20531], [Version…
MyChocolateyPackage    bulkrenameutility                                                                                         {[Ensure, Present], [State, Current], [LatestVersion, 4.0.0.8], [Version, 4.0…
MyChocolateyPackage    notepadplusplus                                                                                           {[Ensure, Present], [State, Current], [LatestVersion, 8.8.3], [Version, 8.8.3…
MyChocolateyPackage    urlrewrite                                                                                                {[Ensure, Present], [State, Current], [LatestVersion, 2.1.20190828], [Version…
MyChocolateyPackage    webdeploy                                                                                                 {[Ensure, Present], [State, Current], [LatestVersion, 3.6.20210729], [Version…
MyChocolateyPackage    winmerge                                                                                                  {[Ensure, Present], [State, Current], [LatestVersion, 2.16.48.2], [Version, 2…
WinGetPackage          Fork.Fork                                                                                                 {[Version, 2.10.3], [MatchOption, EqualsCaseInsensitive], [IsUpdateAvailable,…
WinGetPackage          Microsoft.PowerShell                                                                                      {[Version, 7.5.2.0], [MatchOption, EqualsCaseInsensitive], [IsUpdateAvailable…
WinGetPackage          Microsoft.PowerToys                                                                                       {[Version, 0.92.1], [MatchOption, EqualsCaseInsensitive], [IsUpdateAvailable,…
WinGetPackage          Microsoft.PowerAutomateDesktop                                                                            {[Version, 2.58.163.25188], [MatchOption, EqualsCaseInsensitive], [IsUpdateAv…
WinGetPackage          Microsoft.PowerBI                                                                                         {[Version, 2.145.1105.0], [MatchOption, EqualsCaseInsensitive], [IsUpdateAvai…
WinGetPackage          Microsoft.VisualStudioCode                                                                                {[Version, 1.102.1], [MatchOption, EqualsCaseInsensitive], [IsUpdateAvailable…
WinGetPackage          Google.Chrome                                                                                             {[Version, 138.0.7204.158], [MatchOption, EqualsCaseInsensitive], [IsUpdateAv…
VSComponents           channelId: VisualStudio.17.Release…                                                                       {[includeOptional, False], [installedComponents, System.String[]], [vsConfigF…
MyCertificate          C:\Users\mchampion\source\repos\KoaDev\WaC\resources\certificates\_.cr-paca.fr.crt                        {[Ensure, Present], [Thumbprint, 3D30B009E3FA41AEBF125824E58B1C8692E94E0B], […
MyCertificate          C:\Users\mchampion\source\repos\KoaDev\WaC\resources\certificates\Autorite de Certification Region SUD P… {[Ensure, Present], [Thumbprint, 65D65B74DAF4FF1C8649E18366123A23AF560260], […
MyWindowsDefenderExcl… Type: Path…                                                                                               {[Ensure, Present], [Name, WindowsDefenderPreference]}
MyWindowsDefenderExcl… Type: Path…                                                                                               {[Ensure, Present], [Name, WindowsDefenderPreference]}
MyNodeVersion          lts                                                                                                       {[Ensure, Present], [State, Stale], [CurrentVersion, 22.17.1], [LatestVersion…
MyNodeVersion          18                                                                                                        {[Ensure, Present], [State, Stale], [CurrentVersion, 18.20.8], [LatestVersion…
MyHosts                Path: C:\Users\mchampion\source\repos\KoaDev\WaC\resources\hosts…                                         {[Ensure, Absent]}