PS C:\Users\mchampion\source\repos\KoaDev\WaC\DSCv2\Modules> Set-DscConfigurationState -YamlFilePath "C:\Users\mchampion\source\repos\KoaDev\WaC\DSCv2\ressources.yaml" -Report
78 resources were set in 174.0389716 seconds.

Status         Count
------         -----
InDesiredState     0
Set               70
Error              8

-> Set resources:

Type                       Identifier
----                       ----------
Registry                   ValueName: HideFileExt
                           Key: HKEY_CURRENT_USER\Software\Microsoft\Windows\CurrentVersion\Explorer\Advanced
Registry                   ValueName: DisableLoopbackCheck
                           Key: HKEY_LOCAL_MACHINE\SYSTEM\CurrentControlSet\Control\Lsa
WindowsOptionalFeature     IIS-ApplicationDevelopment
WindowsOptionalFeature     IIS-ASPNET
WindowsOptionalFeature     IIS-ASPNET45
WindowsOptionalFeature     IIS-BasicAuthentication
WindowsOptionalFeature     IIS-CertProvider
WindowsOptionalFeature     IIS-CommonHttpFeatures
WindowsOptionalFeature     IIS-DefaultDocument
WindowsOptionalFeature     IIS-DirectoryBrowsing
WindowsOptionalFeature     IIS-HealthAndDiagnostics
WindowsOptionalFeature     IIS-HostableWebCore
WindowsOptionalFeature     IIS-HttpCompressionDynamic
WindowsOptionalFeature     IIS-HttpCompressionStatic
WindowsOptionalFeature     IIS-HttpErrors
WindowsOptionalFeature     IIS-HttpLogging
WindowsOptionalFeature     IIS-ISAPIExtensions
WindowsOptionalFeature     IIS-ISAPIFilter
WindowsOptionalFeature     IIS-ManagementConsole
WindowsOptionalFeature     IIS-ManagementScriptingTools
WindowsOptionalFeature     IIS-NetFxExtensibility
WindowsOptionalFeature     IIS-NetFxExtensibility45
WindowsOptionalFeature     IIS-Performance
WindowsOptionalFeature     IIS-RequestFiltering
WindowsOptionalFeature     IIS-Security
WindowsOptionalFeature     IIS-StaticContent
WindowsOptionalFeature     IIS-WebServer
WindowsOptionalFeature     IIS-WebServerManagementTools
WindowsOptionalFeature     IIS-WebServerRole
WindowsOptionalFeature     IIS-WebSockets
WindowsOptionalFeature     IIS-WindowsAuthentication
WindowsOptionalFeature     NetFx3
WindowsOptionalFeature     NetFx4-AdvSrvs
WindowsOptionalFeature     NetFx4Extended-ASPNET45
WindowsOptionalFeature     WCF-Services45
MyScoop                    MyScoop
MyScoopPackage             dotnet-sdk
MyScoopPackage             dotnet3-sdk
MyScoopPackage             dotnet5-sdk
MyScoopPackage             dotnet6-sdk
MyScoopPackage             temurin-lts-jdk
MyScoopPackage             gh
MyScoopPackage             git
MyScoopPackage             nvm
MyScoopPackage             oh-my-posh
MyScoopPackage             terraform
MyScoopPackage             CascadiaCode-NF-Mono
MyScoopPackage             FiraCode-NF
MyScoopPackage             baretail
MyScoopPackage             mockoon
MyScoopPackage             nuget-package-explorer
MyScoopPackage             paint.net
MyScoopPackage             postman
MyScoopPackage             vlc
MyScoopPackage             wiztree
MyChocolatey               MyChocolatey
MyChocolateyPackage        7zip
MyChocolateyPackage        adobereader
MyChocolateyPackage        bulkrenameutility
MyChocolateyPackage        notepadplusplus
MyChocolateyPackage        urlrewrite
MyChocolateyPackage        webdeploy
MyChocolateyPackage        winmerge
MyCertificate              C:\Users\mchampion\source\repos\KoaDev\WaC\resources\certificates\_.cr-paca.fr.crt
MyCertificate              C:\Users\mchampion\source\repos\KoaDev\WaC\resources\certificates\Autorite de Certification Region SUD Provence-Alpes-Cote d'Azur.crt
MyWindowsDefenderExclusion Type: Path
                           Value: C:\Projets
MyWindowsDefenderExclusion Type: Path
                           Value: C:\Users\%user%\.dotnet\tools
MyNodeVersion              lts
MyNodeVersion              18
MyHosts                    Path: C:\Users\mchampion\source\repos\KoaDev\WaC\resources\hosts
                           Name: RégionSUD

-> Error resources:

Type          Identifier                                                                                Error
----          ----------                                                                                -----
WinGetPackage Fork.Fork                                                                                 The property 'IsUpdateAvailable' cannot be found on this object. Verify that the property exists and
                                                                                                        can be set.
WinGetPackage Microsoft.PowerShell                                                                      The property 'IsUpdateAvailable' cannot be found on this object. Verify that the property exists and
                                                                                                        can be set.
WinGetPackage Microsoft.PowerToys                                                                       The property 'IsUpdateAvailable' cannot be found on this object. Verify that the property exists and
                                                                                                        can be set.
WinGetPackage Microsoft.PowerAutomateDesktop                                                            The property 'IsUpdateAvailable' cannot be found on this object. Verify that the property exists and
                                                                                                        can be set.
WinGetPackage Microsoft.PowerBI                                                                         The property 'IsUpdateAvailable' cannot be found on this object. Verify that the property exists and
                                                                                                        can be set.
WinGetPackage Microsoft.VisualStudioCode                                                                The property 'IsUpdateAvailable' cannot be found on this object. Verify that the property exists and
                                                                                                        can be set.
WinGetPackage Google.Chrome                                                                             The property 'IsUpdateAvailable' cannot be found on this object. Verify that the property exists and
                                                                                                        can be set.
VSComponents  channelId: VisualStudio.17.Release                                                        Provided Installation Configuration file does not exist at
              productId: Microsoft.VisualStudio.Product.Professional                                    C:\Users\mchampion\source\repos\KoaDev\WaC\resources\visual-studio\.vsconfig
